<?xml version="1.0" encoding="UTF-8"?>
<!-- Generated by org.testng.reporters.JUnitReportReporter -->
<testsuite skipped="0" hostname="LAPTOP-QF3TDFOK" name="Testcases.LoginTest" tests="1" failures="0" timestamp="08 Jan 2018 17:28:10 GMT" time="18.704" errors="0">
  <testcase name="LoginSuccess" time="18.704" classname="Testcases.LoginTest"/>
</testsuite> <!-- Testcases.LoginTest -->
