<?xml version="1.0" encoding="UTF-8"?>
<!-- Generated by org.testng.reporters.JUnitReportReporter -->
<testsuite skipped="0" hostname="LAPTOP-QF3TDFOK" name="Testcases.PersonaInformationTest" tests="3" failures="0" timestamp="13 Dec 2017 01:20:44 GMT" time="32.064" errors="0">
  <testcase name="CertifyBtnStatusVerification" time="19.721" classname="Testcases.PersonaInformationTest"/>
  <testcase name="SwitchToFrame" time="6.953" classname="Testcases.PersonaInformationTest"/>
  <testcase name="FirstNameValidationVerification" time="5.390" classname="Testcases.PersonaInformationTest"/>
</testsuite> <!-- Testcases.PersonaInformationTest -->
