<?xml version="1.0" encoding="UTF-8"?>
<!-- Generated by org.testng.reporters.JUnitReportReporter -->
<testsuite skipped="3" hostname="LAPTOP-QF3TDFOK" name="Testcases.PersonalinformationTest" tests="8" failures="0" timestamp="29 Dec 2017 02:12:53 GMT" time="41.249" errors="0">
  <testcase name="CertifyBtnStatusVerification" time="28.837" classname="Testcases.PersonalinformationTest"/>
  <testcase name="SwitchToFrame" time="6.908" classname="Testcases.PersonalinformationTest"/>
  <testcase name="SSNCheckToYes" time="0.113" classname="Testcases.PersonalinformationTest"/>
  <testcase name="MaritalStatusSelect" time="0.207" classname="Testcases.PersonalinformationTest"/>
  <testcase name="EnterDoB" time="5.184" classname="Testcases.PersonalinformationTest"/>
  <testcase name="FirstNameValidationVerification" classname="Testcases.PersonalinformationTest">
    <skipped/>
  </testcase> <!-- FirstNameValidationVerification -->
  <testcase name="CountryOfBirth" classname="Testcases.PersonalinformationTest">
    <skipped/>
  </testcase> <!-- CountryOfBirth -->
  <testcase name="LastNameValidationVerification" classname="Testcases.PersonalinformationTest">
    <skipped/>
  </testcase> <!-- LastNameValidationVerification -->
</testsuite> <!-- Testcases.PersonalinformationTest -->
